<?xml version="1.0" encoding="UTF-8"?>
<testsuite name="org.example.hellospring.service.MemberServiceIntegrationTest" tests="1" skipped="0" failures="0" errors="0" timestamp="2024-06-22T16:51:57" hostname="kim.local" time="0.334">
  <properties/>
  <testcase name="중복_회원_예외()" classname="org.example.hellospring.service.MemberServiceIntegrationTest" time="0.334"/>
  <system-out><![CDATA[01:51:56.334 [Test worker] INFO org.springframework.test.context.support.AnnotationConfigContextLoaderUtils -- Could not detect default configuration classes for test class [org.example.hellospring.service.MemberServiceIntegrationTest]: MemberServiceIntegrationTest does not declare any static, non-private, non-final, nested classes annotated with @Configuration.
01:51:56.370 [Test worker] INFO org.springframework.boot.test.context.SpringBootTestContextBootstrapper -- Found @SpringBootConfiguration org.example.hellospring.HelloSpringApplication for test class org.example.hellospring.service.MemberServiceIntegrationTest
  .   ____          _            __ _ _
 /\\ / ___'_ __ _ _(_)_ __  __ _ \ \ \ \
( ( )\___ | '_ | '_| | '_ \/ _` | \ \ \ \
 \\/  ___)| |_)| | | | | || (_| |  ) ) ) )
  '  |____| .__|_| |_|_| |_\__, | / / / /
 =========|_|==============|___/=/_/_/_/

 :: Spring Boot ::                (v3.3.0)

2024-06-23T01:51:56.486+09:00  INFO 3695 --- [hello-spring] [    Test worker] o.e.h.s.MemberServiceIntegrationTest     : Starting MemberServiceIntegrationTest using Java 17.0.11 with PID 3695 (started by yeil in /Users/yeil/Desktop/스터디/likeLion/12th-back-end/week07/김예일)
2024-06-23T01:51:56.486+09:00  INFO 3695 --- [hello-spring] [    Test worker] o.e.h.s.MemberServiceIntegrationTest     : No active profile set, falling back to 1 default profile: "default"
2024-06-23T01:51:56.685+09:00  INFO 3695 --- [hello-spring] [    Test worker] .s.d.r.c.RepositoryConfigurationDelegate : Bootstrapping Spring Data JPA repositories in DEFAULT mode.
2024-06-23T01:51:56.701+09:00  INFO 3695 --- [hello-spring] [    Test worker] .s.d.r.c.RepositoryConfigurationDelegate : Finished Spring Data repository scanning in 14 ms. Found 1 JPA repository interface.
2024-06-23T01:51:56.842+09:00  INFO 3695 --- [hello-spring] [    Test worker] o.hibernate.jpa.internal.util.LogHelper  : HHH000204: Processing PersistenceUnitInfo [name: default]
2024-06-23T01:51:56.859+09:00  INFO 3695 --- [hello-spring] [    Test worker] org.hibernate.Version                    : HHH000412: Hibernate ORM core version 6.5.2.Final
2024-06-23T01:51:56.870+09:00  INFO 3695 --- [hello-spring] [    Test worker] o.h.c.internal.RegionFactoryInitiator    : HHH000026: Second-level cache disabled
2024-06-23T01:51:56.968+09:00  INFO 3695 --- [hello-spring] [    Test worker] o.s.o.j.p.SpringPersistenceUnitInfo      : No LoadTimeWeaver setup: ignoring JPA class transformer
2024-06-23T01:51:56.977+09:00  INFO 3695 --- [hello-spring] [    Test worker] com.zaxxer.hikari.HikariDataSource       : HikariPool-1 - Starting...
2024-06-23T01:51:57.003+09:00  INFO 3695 --- [hello-spring] [    Test worker] com.zaxxer.hikari.pool.HikariPool        : HikariPool-1 - Added connection conn0: url=jdbc:h2:tcp://localhost/~/test user=SA
2024-06-23T01:51:57.004+09:00  INFO 3695 --- [hello-spring] [    Test worker] com.zaxxer.hikari.HikariDataSource       : HikariPool-1 - Start completed.
2024-06-23T01:51:57.270+09:00  INFO 3695 --- [hello-spring] [    Test worker] o.h.e.t.j.p.i.JtaPlatformInitiator       : HHH000489: No JTA platform available (set 'hibernate.transaction.jta.platform' to enable JTA platform integration)
2024-06-23T01:51:57.271+09:00  INFO 3695 --- [hello-spring] [    Test worker] j.LocalContainerEntityManagerFactoryBean : Initialized JPA EntityManagerFactory for persistence unit 'default'
2024-06-23T01:51:57.423+09:00  WARN 3695 --- [hello-spring] [    Test worker] JpaBaseConfiguration$JpaWebConfiguration : spring.jpa.open-in-view is enabled by default. Therefore, database queries may be performed during view rendering. Explicitly configure spring.jpa.open-in-view to disable this warning
2024-06-23T01:51:57.431+09:00  INFO 3695 --- [hello-spring] [    Test worker] o.s.b.a.w.s.WelcomePageHandlerMapping    : Adding welcome page: class path resource [static/index.html]
2024-06-23T01:51:57.571+09:00  INFO 3695 --- [hello-spring] [    Test worker] o.e.h.s.MemberServiceIntegrationTest     : Started MemberServiceIntegrationTest in 1.15 seconds (process running for 1.54)
Hibernate: select m1_0.id,m1_0.name from member m1_0 where m1_0.name=?
Hibernate: insert into member (name,id) values (?,default)
Hibernate: select m1_0.id,m1_0.name from member m1_0 where m1_0.name=?
]]></system-out>
  <system-err><![CDATA[]]></system-err>
</testsuite>
